# JRE version: Java(TM) SE Runtime Environment (9.0+11) (build 9.0.1+11)
# Java VM: Java HotSpot(TM) 64-Bit Server VM (9.0.1+11, mixed mode, tiered, compressed oops, g1 gc, bsd-amd64)
Heap:
 garbage-first heap   total 121856K, used 40003K [0x0000000780000000, 0x00000007801003b8, 0x00000007c0000000)
  region size 1024K, 20 young (20480K), 3 survivors (3072K)
 Metaspace       used 22065K, capacity 22957K, committed 23168K, reserved 1071104K
  class space    used 2218K, capacity 2429K, committed 2432K, reserved 1048576K
GC Heap History (10 events):
Event: 13.070 GC heap before
{Heap before GC invocations=46 (full 0):
 garbage-first heap   total 121856K, used 109059K [0x0000000780000000, 0x00000007801003b8, 0x00000007c0000000)
  region size 1024K, 71 young (72704K), 2 survivors (2048K)
 Metaspace       used 21819K, capacity 22765K, committed 22912K, reserved 1069056K
  class space    used 2211K, capacity 2429K, committed 2432K, reserved 1048576K
}
Event: 13.073 GC heap after
{Heap after GC invocations=47 (full 0):
 garbage-first heap   total 121856K, used 30203K [0x0000000780000000, 0x00000007801003b8, 0x00000007c0000000)
  region size 1024K, 2 young (2048K), 2 survivors (2048K)
 Metaspace       used 21819K, capacity 22765K, committed 22912K, reserved 1069056K
  class space    used 2211K, capacity 2429K, committed 2432K, reserved 1048576K
}
Event: 16.041 GC heap before
{Heap before GC invocations=47 (full 0):
 garbage-first heap   total 121856K, used 109051K [0x0000000780000000, 0x00000007801003b8, 0x00000007c0000000)
  region size 1024K, 71 young (72704K), 2 survivors (2048K)
 Metaspace       used 21889K, capacity 22829K, committed 22912K, reserved 1069056K
  class space    used 2212K, capacity 2429K, committed 2432K, reserved 1048576K
}
Event: 16.047 GC heap after
{Heap after GC invocations=48 (full 0):
 garbage-first heap   total 121856K, used 33636K [0x0000000780000000, 0x00000007801003b8, 0x00000007c0000000)
  region size 1024K, 2 young (2048K), 2 survivors (2048K)
 Metaspace       used 21889K, capacity 22829K, committed 22912K, reserved 1069056K
  class space    used 2212K, capacity 2429K, committed 2432K, reserved 1048576K
}
Event: 26.997 GC heap before
{Heap before GC invocations=48 (full 0):
 garbage-first heap   total 121856K, used 104292K [0x0000000780000000, 0x00000007801003b8, 0x00000007c0000000)
  region size 1024K, 71 young (72704K), 2 survivors (2048K)
 Metaspace       used 21963K, capacity 22893K, committed 22912K, reserved 1069056K
  class space    used 2213K, capacity 2429K, committed 2432K, reserved 1048576K
}
Event: 27.004 GC heap after
{Heap after GC invocations=49 (full 0):
 garbage-first heap   total 121856K, used 23565K [0x0000000780000000, 0x00000007801003b8, 0x00000007c0000000)
  region size 1024K, 3 young (3072K), 3 survivors (3072K)
 Metaspace       used 21963K, capacity 22893K, committed 22912K, reserved 1069056K
  class space    used 2213K, capacity 2429K, committed 2432K, reserved 1048576K
}
Event: 36.196 GC heap before
{Heap before GC invocations=49 (full 0):
 garbage-first heap   total 121856K, used 93197K [0x0000000780000000, 0x00000007801003b8, 0x00000007c0000000)
  region size 1024K, 71 young (72704K), 3 survivors (3072K)
 Metaspace       used 21981K, capacity 22957K, committed 23168K, reserved 1071104K
  class space    used 2213K, capacity 2429K, committed 2432K, reserved 1048576K
}
Event: 36.203 GC heap after
{Heap after GC invocations=50 (full 0):
 garbage-first heap   total 121856K, used 23946K [0x0000000780000000, 0x00000007801003b8, 0x00000007c0000000)
  region size 1024K, 3 young (3072K), 3 survivors (3072K)
 Metaspace       used 21981K, capacity 22957K, committed 23168K, reserved 1071104K
  class space    used 2213K, capacity 2429K, committed 2432K, reserved 1048576K
}
Event: 46.045 GC heap before
{Heap before GC invocations=50 (full 0):
 garbage-first heap   total 121856K, used 93578K [0x0000000780000000, 0x00000007801003b8, 0x00000007c0000000)
  region size 1024K, 71 young (72704K), 3 survivors (3072K)
 Metaspace       used 21997K, capacity 22957K, committed 23168K, reserved 1071104K
  class space    used 2213K, capacity 2429K, committed 2432K, reserved 1048576K
}
Event: 46.051 GC heap after
{Heap after GC invocations=51 (full 0):
 garbage-first heap   total 121856K, used 23619K [0x0000000780000000, 0x00000007801003b8, 0x00000007c0000000)
  region size 1024K, 3 young (3072K), 3 survivors (3072K)
 Metaspace       used 21997K, capacity 22957K, committed 23168K, reserved 1071104K
  class space    used 2213K, capacity 2429K, committed 2432K, reserved 1048576K
}

